22:01:51.572 [Process -> Sink: Print to Std. Out (4/4)#0] INFO  org.apache.flink.runtime.taskmanager.Task - Process -> Sink: Print to Std. Out (4/4)#0 (64a2e5efd8598e75213fb81449a18a3c) switched from RUNNING to FINISHED.
22:01:51.572 [Process -> Sink: Print to Std. Out (3/4)#0] INFO  org.apache.flink.runtime.taskmanager.Task - Process -> Sink: Print to Std. Out (3/4)#0 (028cb17805109c7cb20bbacb64015f7d) switched from RUNNING to FINISHED.
22:01:51.570 [Process -> Sink: Print to Std. Out (2/4)#0] INFO  org.apache.flink.runtime.taskmanager.Task - Process -> Sink: Print to Std. Out (2/4)#0 (cccca7b0d1d711df274c34c69be05e8d) switched from RUNNING to FINISHED.
22:01:51.568 [Source: Socket Stream (1/1)#0] INFO  org.apache.flink.runtime.taskmanager.Task - Source: Socket Stream (1/1)#0 (799e0b9dcfd8fee41a8a43ce0a097e54) switched from RUNNING to FINISHED.
22:01:51.570 [Process -> Sink: Print to Std. Out (1/4)#0] INFO  org.apache.flink.runtime.taskmanager.Task - Process -> Sink: Print to Std. Out (1/4)#0 (eed47eaa65db063f7b4ffcd7febf1a5c) switched from RUNNING to FINISHED.
22:01:51.575 [Process -> Sink: Print to Std. Out (3/4)#0] INFO  org.apache.flink.runtime.taskmanager.Task - Freeing task resources for Process -> Sink: Print to Std. Out (3/4)#0 (028cb17805109c7cb20bbacb64015f7d).
22:01:51.575 [Process -> Sink: Print to Std. Out (2/4)#0] INFO  org.apache.flink.runtime.taskmanager.Task - Freeing task resources for Process -> Sink: Print to Std. Out (2/4)#0 (cccca7b0d1d711df274c34c69be05e8d).
22:01:51.575 [Process -> Sink: Print to Std. Out (4/4)#0] INFO  org.apache.flink.runtime.taskmanager.Task - Freeing task resources for Process -> Sink: Print to Std. Out (4/4)#0 (64a2e5efd8598e75213fb81449a18a3c).
22:01:51.575 [Source: Socket Stream (1/1)#0] INFO  org.apache.flink.runtime.taskmanager.Task - Freeing task resources for Source: Socket Stream (1/1)#0 (799e0b9dcfd8fee41a8a43ce0a097e54).
22:01:51.575 [Process -> Sink: Print to Std. Out (1/4)#0] INFO  org.apache.flink.runtime.taskmanager.Task - Freeing task resources for Process -> Sink: Print to Std. Out (1/4)#0 (eed47eaa65db063f7b4ffcd7febf1a5c).
22:01:51.578 [flink-akka.actor.default-dispatcher-244] INFO  org.apache.flink.runtime.taskexecutor.TaskExecutor - Un-registering task and sending final execution state FINISHED to JobManager for task Process -> Sink: Print to Std. Out (2/4)#0 cccca7b0d1d711df274c34c69be05e8d.
22:01:51.582 [flink-akka.actor.default-dispatcher-244] INFO  org.apache.flink.runtime.taskexecutor.TaskExecutor - Un-registering task and sending final execution state FINISHED to JobManager for task Process -> Sink: Print to Std. Out (3/4)#0 028cb17805109c7cb20bbacb64015f7d.
22:01:51.583 [flink-akka.actor.default-dispatcher-244] INFO  org.apache.flink.runtime.taskexecutor.TaskExecutor - Un-registering task and sending final execution state FINISHED to JobManager for task Process -> Sink: Print to Std. Out (4/4)#0 64a2e5efd8598e75213fb81449a18a3c.
22:01:51.583 [flink-akka.actor.default-dispatcher-243] INFO  org.apache.flink.runtime.executiongraph.ExecutionGraph - Process -> Sink: Print to Std. Out (2/4) (cccca7b0d1d711df274c34c69be05e8d) switched from RUNNING to FINISHED.
22:01:51.583 [flink-akka.actor.default-dispatcher-244] INFO  org.apache.flink.runtime.taskexecutor.TaskExecutor - Un-registering task and sending final execution state FINISHED to JobManager for task Process -> Sink: Print to Std. Out (1/4)#0 eed47eaa65db063f7b4ffcd7febf1a5c.
22:01:51.584 [flink-akka.actor.default-dispatcher-244] INFO  org.apache.flink.runtime.taskexecutor.TaskExecutor - Un-registering task and sending final execution state FINISHED to JobManager for task Source: Socket Stream (1/1)#0 799e0b9dcfd8fee41a8a43ce0a097e54.
22:01:51.632 [flink-akka.actor.default-dispatcher-244] INFO  org.apache.flink.runtime.resourcemanager.slotmanager.DeclarativeSlotManager - Received resource requirements from job 5d9199b7090d5f80dd41447a412a878b: [ResourceRequirement{resourceProfile=ResourceProfile{UNKNOWN}, numberOfRequiredSlots=3}]
22:01:51.633 [flink-akka.actor.default-dispatcher-243] INFO  org.apache.flink.runtime.executiongraph.ExecutionGraph - Process -> Sink: Print to Std. Out (3/4) (028cb17805109c7cb20bbacb64015f7d) switched from RUNNING to FINISHED.
22:01:51.635 [flink-akka.actor.default-dispatcher-243] INFO  org.apache.flink.runtime.executiongraph.ExecutionGraph - Process -> Sink: Print to Std. Out (4/4) (64a2e5efd8598e75213fb81449a18a3c) switched from RUNNING to FINISHED.
22:01:51.635 [flink-akka.actor.default-dispatcher-243] INFO  org.apache.flink.runtime.executiongraph.ExecutionGraph - Process -> Sink: Print to Std. Out (1/4) (eed47eaa65db063f7b4ffcd7febf1a5c) switched from RUNNING to FINISHED.
22:01:51.636 [flink-akka.actor.default-dispatcher-243] INFO  org.apache.flink.runtime.executiongraph.ExecutionGraph - Source: Socket Stream (1/1) (799e0b9dcfd8fee41a8a43ce0a097e54) switched from RUNNING to FINISHED.
22:01:51.636 [flink-akka.actor.default-dispatcher-243] INFO  org.apache.flink.runtime.executiongraph.ExecutionGraph - Job Flink Streaming Job (5d9199b7090d5f80dd41447a412a878b) switched from state RUNNING to FINISHED.
22:01:51.636 [flink-akka.actor.default-dispatcher-243] INFO  org.apache.flink.runtime.checkpoint.CheckpointCoordinator - Stopping checkpoint coordinator for job 5d9199b7090d5f80dd41447a412a878b.
22:01:51.646 [flink-akka.actor.default-dispatcher-244] INFO  org.apache.flink.runtime.resourcemanager.slotmanager.DeclarativeSlotManager - Received resource requirements from job 5d9199b7090d5f80dd41447a412a878b: [ResourceRequirement{resourceProfile=ResourceProfile{UNKNOWN}, numberOfRequiredSlots=2}]
22:01:51.647 [flink-akka.actor.default-dispatcher-244] INFO  org.apache.flink.runtime.resourcemanager.slotmanager.DeclarativeSlotManager - Received resource requirements from job 5d9199b7090d5f80dd41447a412a878b: [ResourceRequirement{resourceProfile=ResourceProfile{UNKNOWN}, numberOfRequiredSlots=1}]
22:01:51.648 [flink-akka.actor.default-dispatcher-244] INFO  org.apache.flink.runtime.resourcemanager.slotmanager.DeclarativeSlotManager - Clearing resource requirements of job 5d9199b7090d5f80dd41447a412a878b
22:01:51.664 [flink-akka.actor.default-dispatcher-246] INFO  org.apache.flink.runtime.minicluster.MiniCluster - Shutting down Flink Mini Cluster
22:01:51.664 [flink-akka.actor.default-dispatcher-245] INFO  org.apache.flink.runtime.dispatcher.StandaloneDispatcher - Job 5d9199b7090d5f80dd41447a412a878b reached terminal state FINISHED.
22:01:51.664 [flink-akka.actor.default-dispatcher-246] INFO  org.apache.flink.runtime.dispatcher.DispatcherRestEndpoint - Shutting down rest endpoint.
22:01:51.664 [flink-akka.actor.default-dispatcher-244] INFO  org.apache.flink.runtime.taskexecutor.TaskExecutor - Stopping TaskExecutor akka://flink/user/rpc/taskmanager_0.
22:01:51.665 [flink-akka.actor.default-dispatcher-244] INFO  org.apache.flink.runtime.taskexecutor.TaskExecutor - Close ResourceManager connection bc50c5568a09f4bffc9723b3e5e80b6f.
22:01:51.665 [flink-akka.actor.default-dispatcher-245] INFO  org.apache.flink.runtime.resourcemanager.StandaloneResourceManager - Closing TaskExecutor connection 76aaf070-4264-4b4f-89ed-ff916fe31a64 because: The TaskExecutor is shutting down.
22:01:51.665 [flink-akka.actor.default-dispatcher-243] INFO  org.apache.flink.runtime.jobmaster.JobMaster - Stopping the JobMaster for job 'Flink Streaming Job' (5d9199b7090d5f80dd41447a412a878b).
22:01:51.668 [flink-akka.actor.default-dispatcher-244] INFO  org.apache.flink.runtime.taskexecutor.TaskExecutor - Close JobManager connection for job 5d9199b7090d5f80dd41447a412a878b.
22:01:51.701 [flink-akka.actor.default-dispatcher-244] INFO  org.apache.flink.runtime.state.TaskExecutorStateChangelogStoragesManager - Shutting down TaskExecutorStateChangelogStoragesManager.
22:01:51.702 [flink-akka.actor.default-dispatcher-244] INFO  org.apache.flink.runtime.taskexecutor.slot.TaskSlotTableImpl - Free slot TaskSlot(index:2, state:ALLOCATED, resource profile: ResourceProfile{taskHeapMemory=256.000gb (274877906944 bytes), taskOffHeapMemory=256.000gb (274877906944 bytes), managedMemory=32.000mb (33554432 bytes), networkMemory=16.000mb (16777216 bytes)}, allocationId: e59558c6337b2c592fd851f425ffb022, jobId: 5d9199b7090d5f80dd41447a412a878b).
22:01:51.704 [flink-akka.actor.default-dispatcher-244] INFO  org.apache.flink.runtime.taskexecutor.slot.TaskSlotTableImpl - Free slot TaskSlot(index:3, state:ALLOCATED, resource profile: ResourceProfile{taskHeapMemory=256.000gb (274877906944 bytes), taskOffHeapMemory=256.000gb (274877906944 bytes), managedMemory=32.000mb (33554432 bytes), networkMemory=16.000mb (16777216 bytes)}, allocationId: 04016018979736bb024820f9443650d9, jobId: 5d9199b7090d5f80dd41447a412a878b).
22:01:51.705 [flink-akka.actor.default-dispatcher-244] INFO  org.apache.flink.runtime.taskexecutor.slot.TaskSlotTableImpl - Free slot TaskSlot(index:0, state:ALLOCATED, resource profile: ResourceProfile{taskHeapMemory=256.000gb (274877906944 bytes), taskOffHeapMemory=256.000gb (274877906944 bytes), managedMemory=32.000mb (33554432 bytes), networkMemory=16.000mb (16777216 bytes)}, allocationId: 0b0693b0f6c1753ed676e4a32dc11688, jobId: 5d9199b7090d5f80dd41447a412a878b).
22:01:51.705 [flink-akka.actor.default-dispatcher-244] INFO  org.apache.flink.runtime.taskexecutor.slot.TaskSlotTableImpl - Free slot TaskSlot(index:1, state:ALLOCATED, resource profile: ResourceProfile{taskHeapMemory=256.000gb (274877906944 bytes), taskOffHeapMemory=256.000gb (274877906944 bytes), managedMemory=32.000mb (33554432 bytes), networkMemory=16.000mb (16777216 bytes)}, allocationId: 98ce18afa303aafb26043bf500692066, jobId: 5d9199b7090d5f80dd41447a412a878b).
22:01:51.714 [flink-akka.actor.default-dispatcher-244] INFO  org.apache.flink.runtime.taskexecutor.DefaultJobLeaderService - Stop job leader service.
22:01:51.714 [flink-akka.actor.default-dispatcher-244] INFO  org.apache.flink.runtime.state.TaskExecutorLocalStateStoresManager - Shutting down TaskExecutorLocalStateStoresManager.
22:01:51.715 [flink-akka.actor.default-dispatcher-243] INFO  org.apache.flink.runtime.checkpoint.StandaloneCompletedCheckpointStore - Shutting down
22:01:51.748 [flink-akka.actor.default-dispatcher-243] INFO  org.apache.flink.runtime.jobmaster.slotpool.DefaultDeclarativeSlotPool - Releasing slot [e59558c6337b2c592fd851f425ffb022].
22:01:51.748 [flink-akka.actor.default-dispatcher-243] INFO  org.apache.flink.runtime.jobmaster.slotpool.DefaultDeclarativeSlotPool - Releasing slot [0b0693b0f6c1753ed676e4a32dc11688].
22:01:51.749 [flink-akka.actor.default-dispatcher-243] INFO  org.apache.flink.runtime.jobmaster.slotpool.DefaultDeclarativeSlotPool - Releasing slot [98ce18afa303aafb26043bf500692066].
22:01:51.749 [flink-akka.actor.default-dispatcher-243] INFO  org.apache.flink.runtime.jobmaster.slotpool.DefaultDeclarativeSlotPool - Releasing slot [04016018979736bb024820f9443650d9].
22:01:51.749 [flink-akka.actor.default-dispatcher-243] INFO  org.apache.flink.runtime.jobmaster.JobMaster - Close ResourceManager connection bc50c5568a09f4bffc9723b3e5e80b6f: Stopping JobMaster for job 'Flink Streaming Job' (5d9199b7090d5f80dd41447a412a878b).
22:01:51.751 [flink-akka.actor.default-dispatcher-245] INFO  org.apache.flink.runtime.resourcemanager.StandaloneResourceManager - Disconnect job manager 9b527c41b95f46074a19fc1f4bf44950@akka://flink/user/rpc/jobmanager_3 for job 5d9199b7090d5f80dd41447a412a878b from the resource manager.
22:01:51.789 [flink-akka.actor.default-dispatcher-244] INFO  org.apache.flink.runtime.io.disk.FileChannelManagerImpl - FileChannelManager removed spill file directory C:\Users\49584\AppData\Local\Temp\flink-io-be19153f-cb14-4bec-8520-01ff7cf3594c
22:01:51.796 [flink-akka.actor.default-dispatcher-244] INFO  org.apache.flink.runtime.io.network.NettyShuffleEnvironment - Shutting down the network environment and its components.
22:01:51.807 [flink-akka.actor.default-dispatcher-244] INFO  org.apache.flink.runtime.io.disk.FileChannelManagerImpl - FileChannelManager removed spill file directory C:\Users\49584\AppData\Local\Temp\flink-netty-shuffle-9c25fce7-4155-47c8-9fc2-828b3962fed7
22:01:51.808 [flink-akka.actor.default-dispatcher-244] INFO  org.apache.flink.runtime.taskexecutor.KvStateService - Shutting down the kvState service and its components.
22:01:51.808 [flink-akka.actor.default-dispatcher-244] INFO  org.apache.flink.runtime.taskexecutor.DefaultJobLeaderService - Stop job leader service.
22:01:51.824 [flink-akka.actor.default-dispatcher-244] INFO  org.apache.flink.runtime.filecache.FileCache - removed file cache directory C:\Users\49584\AppData\Local\Temp\flink-dist-cache-876915c4-4725-4963-9329-ec3087f6873f
22:01:51.824 [flink-akka.actor.default-dispatcher-244] INFO  org.apache.flink.runtime.taskexecutor.TaskExecutor - Stopped TaskExecutor akka://flink/user/rpc/taskmanager_0.
22:01:51.824 [ForkJoinPool.commonPool-worker-2] INFO  org.apache.flink.runtime.dispatcher.DispatcherRestEndpoint - Removing cache directory C:\Users\49584\AppData\Local\Temp\flink-web-ui
22:01:51.875 [ForkJoinPool.commonPool-worker-2] INFO  org.apache.flink.runtime.dispatcher.DispatcherRestEndpoint - Shut down complete.
22:01:51.876 [flink-akka.actor.default-dispatcher-246] INFO  org.apache.flink.runtime.resourcemanager.StandaloneResourceManager - Shut down cluster because application is in CANCELED, diagnostics DispatcherResourceManagerComponent has been closed..
22:01:51.876 [flink-akka.actor.default-dispatcher-244] INFO  org.apache.flink.runtime.entrypoint.component.DispatcherResourceManagerComponent - Closing components.
22:01:51.877 [flink-akka.actor.default-dispatcher-244] INFO  org.apache.flink.runtime.dispatcher.runner.SessionDispatcherLeaderProcess - Stopping SessionDispatcherLeaderProcess.
22:01:51.877 [flink-akka.actor.default-dispatcher-246] INFO  org.apache.flink.runtime.dispatcher.StandaloneDispatcher - Stopping dispatcher akka://flink/user/rpc/dispatcher_1.
22:01:51.877 [flink-akka.actor.default-dispatcher-246] INFO  org.apache.flink.runtime.dispatcher.StandaloneDispatcher - Stopping all currently running jobs of dispatcher akka://flink/user/rpc/dispatcher_1.
22:01:51.877 [flink-akka.actor.default-dispatcher-244] INFO  org.apache.flink.runtime.resourcemanager.ResourceManagerServiceImpl - Stopping resource manager service.
22:01:51.878 [flink-akka.actor.default-dispatcher-243] INFO  org.apache.flink.runtime.resourcemanager.slotmanager.DeclarativeSlotManager - Closing the slot manager.
22:01:51.878 [flink-akka.actor.default-dispatcher-243] INFO  org.apache.flink.runtime.resourcemanager.slotmanager.DeclarativeSlotManager - Suspending the slot manager.
22:01:51.879 [flink-akka.actor.default-dispatcher-246] INFO  org.apache.flink.runtime.dispatcher.StandaloneDispatcher - Stopped dispatcher akka://flink/user/rpc/dispatcher_1.
22:01:51.881 [mini-cluster-io-thread-3] INFO  org.apache.flink.runtime.rpc.akka.AkkaRpcService - Stopping Akka RPC service.
22:01:51.963 [flink-metrics-9] INFO  org.apache.flink.runtime.rpc.akka.AkkaRpcService - Stopping Akka RPC service.
22:01:51.964 [flink-metrics-9] INFO  org.apache.flink.runtime.rpc.akka.AkkaRpcService - Stopped Akka RPC service.
22:01:51.986 [flink-akka.actor.default-dispatcher-246] INFO  org.apache.flink.runtime.blob.PermanentBlobCache - Shutting down BLOB cache
22:01:51.990 [flink-akka.actor.default-dispatcher-246] INFO  org.apache.flink.runtime.blob.TransientBlobCache - Shutting down BLOB cache
22:01:51.995 [flink-akka.actor.default-dispatcher-246] INFO  org.apache.flink.runtime.blob.BlobServer - Stopped BLOB server at 0.0.0.0:57210
22:01:52.000 [flink-akka.actor.default-dispatcher-246] INFO  org.apache.flink.runtime.rpc.akka.AkkaRpcService - Stopped Akka RPC service.
